2025-09-27 12:20:58,341 - INFO - main - Initializing components...
2025-09-27 12:21:01,535 - INFO - camera_stream - Starting camera stream thread.
2025-09-27 12:21:01,649 - INFO - attendance_manager - Loading existing attendance log from attendance.csv
2025-09-27 12:21:03,750 - INFO - main - Starting main application loop...
2025-09-27 12:21:25,113 - INFO - main - 'q' key pressed. Exiting.
2025-09-27 12:21:25,113 - INFO - main - Cleaning up resources...
2025-09-27 12:21:25,113 - INFO - camera_stream - Stopping camera stream.
2025-09-27 12:21:26,441 - INFO - attendance_manager - Saving attendance log to attendance.csv
2025-09-27 12:21:26,495 - INFO - main - Application shut down successfully.
2025-09-27 12:38:49,334 - INFO - main - Initializing components...
2025-09-27 12:38:52,530 - INFO - camera_stream - Starting camera stream thread.
2025-09-27 12:38:52,622 - INFO - attendance_manager - Loading existing attendance log from attendance.csv
2025-09-27 12:38:54,753 - INFO - main - Starting main application loop...
2025-09-27 12:38:58,025 - INFO - main - 'q' key pressed. Exiting.
2025-09-27 12:38:58,026 - INFO - main - Cleaning up resources...
2025-09-27 12:38:58,026 - INFO - camera_stream - Stopping camera stream.
2025-09-27 12:38:59,371 - INFO - attendance_manager - Saving attendance log to attendance.csv
2025-09-27 12:38:59,428 - INFO - main - Application shut down successfully.
2025-09-27 12:41:50,912 - INFO - main - Initializing components...
2025-09-27 12:41:50,977 - ERROR - camera_stream - Failed to open initial camera stream at "rtsp://admin:cctv@121@192.168.1.65:554/Streaming/Channels/101"
2025-09-27 12:41:50,977 - INFO - camera_stream - Starting camera stream thread.
2025-09-27 12:41:50,978 - WARNING - camera_stream - Stream disconnected. Attempting to reconnect...
2025-09-27 12:41:51,053 - INFO - attendance_manager - Loading existing attendance log from attendance.csv
2025-09-27 12:41:53,155 - INFO - main - Starting main application loop...
2025-09-27 12:41:56,001 - WARNING - camera_stream - Stream disconnected. Attempting to reconnect...
2025-09-27 12:42:01,047 - WARNING - camera_stream - Stream disconnected. Attempting to reconnect...
2025-09-27 12:42:06,085 - WARNING - camera_stream - Stream disconnected. Attempting to reconnect...
2025-09-27 12:42:11,131 - WARNING - camera_stream - Stream disconnected. Attempting to reconnect...
2025-09-27 12:42:16,167 - WARNING - camera_stream - Stream disconnected. Attempting to reconnect...
2025-09-27 12:42:21,201 - WARNING - camera_stream - Stream disconnected. Attempting to reconnect...
2025-09-27 12:42:26,249 - WARNING - camera_stream - Stream disconnected. Attempting to reconnect...
2025-09-27 12:42:31,281 - WARNING - camera_stream - Stream disconnected. Attempting to reconnect...
2025-09-27 12:42:36,308 - WARNING - camera_stream - Stream disconnected. Attempting to reconnect...
2025-09-27 12:42:41,352 - WARNING - camera_stream - Stream disconnected. Attempting to reconnect...
2025-09-27 12:42:46,396 - WARNING - camera_stream - Stream disconnected. Attempting to reconnect...
2025-09-27 12:42:51,444 - WARNING - camera_stream - Stream disconnected. Attempting to reconnect...
2025-09-27 12:42:56,477 - WARNING - camera_stream - Stream disconnected. Attempting to reconnect...
2025-09-27 12:43:01,517 - WARNING - camera_stream - Stream disconnected. Attempting to reconnect...
2025-09-27 12:43:06,555 - WARNING - camera_stream - Stream disconnected. Attempting to reconnect...
2025-09-27 12:43:26,762 - INFO - main - Initializing components...
2025-09-27 12:43:26,825 - ERROR - camera_stream - Failed to open initial camera stream at "rtsp://admin:cctv@121@192.168.1.65:554/Streaming/Channels/101"
2025-09-27 12:43:26,826 - INFO - camera_stream - Starting camera stream thread.
2025-09-27 12:43:26,827 - WARNING - camera_stream - Stream disconnected. Attempting to reconnect...
2025-09-27 12:43:26,887 - INFO - attendance_manager - Loading existing attendance log from attendance.csv
2025-09-27 12:43:28,976 - INFO - main - Starting main application loop...
2025-09-27 12:43:31,856 - WARNING - camera_stream - Stream disconnected. Attempting to reconnect...
2025-09-27 12:43:36,890 - WARNING - camera_stream - Stream disconnected. Attempting to reconnect...
2025-09-27 12:43:41,927 - WARNING - camera_stream - Stream disconnected. Attempting to reconnect...
2025-09-27 12:50:58,494 - INFO - main - Initializing components...
2025-09-27 12:50:58,551 - ERROR - camera_stream - Failed to open initial camera stream at "rtsp://admin:cctv@121@192.168.1.65:554/Streaming/Channels/101"
2025-09-27 12:50:58,551 - INFO - camera_stream - Starting camera stream thread.
2025-09-27 12:50:58,551 - WARNING - camera_stream - Stream disconnected. Attempting to reconnect...
2025-09-27 12:50:58,636 - INFO - attendance_manager - Loading existing attendance log from attendance.csv
2025-09-27 12:51:00,732 - INFO - main - Starting main application loop...
2025-09-27 12:51:03,602 - WARNING - camera_stream - Stream disconnected. Attempting to reconnect...
2025-09-27 12:51:08,635 - WARNING - camera_stream - Stream disconnected. Attempting to reconnect...
2025-09-27 12:51:13,686 - WARNING - camera_stream - Stream disconnected. Attempting to reconnect...
2025-09-27 12:51:18,729 - WARNING - camera_stream - Stream disconnected. Attempting to reconnect...
2025-09-27 12:51:23,767 - WARNING - camera_stream - Stream disconnected. Attempting to reconnect...
2025-09-27 12:51:28,805 - WARNING - camera_stream - Stream disconnected. Attempting to reconnect...
2025-09-27 12:51:33,835 - WARNING - camera_stream - Stream disconnected. Attempting to reconnect...
2025-09-27 12:51:38,881 - WARNING - camera_stream - Stream disconnected. Attempting to reconnect...
2025-09-27 12:51:43,926 - WARNING - camera_stream - Stream disconnected. Attempting to reconnect...
2025-09-27 12:51:46,620 - INFO - main - Shutdown signal received. Exiting gracefully...
2025-09-27 12:51:46,660 - INFO - main - Cleaning up resources...
2025-09-27 12:51:46,661 - INFO - camera_stream - Stopping camera stream.
2025-09-27 12:51:47,665 - INFO - attendance_manager - Saving attendance log to attendance.csv
2025-09-27 12:51:47,693 - INFO - main - Application shut down successfully.
2025-09-27 12:53:47,465 - INFO - main - Initializing components...
2025-09-27 12:53:47,506 - ERROR - camera_stream - Failed to open initial camera stream at "rtsp://admin:cctv@121@192.168.1.65:554/Streaming/Channels/101"
2025-09-27 12:53:47,506 - INFO - camera_stream - Starting camera stream thread.
2025-09-27 12:53:47,521 - WARNING - camera_stream - Stream disconnected. Attempting to reconnect...
2025-09-27 12:53:47,588 - INFO - attendance_manager - Loading existing attendance log from attendance.csv
2025-09-27 12:53:49,676 - INFO - main - Starting main application loop...
2025-09-27 12:53:52,563 - WARNING - camera_stream - Stream disconnected. Attempting to reconnect...
2025-09-27 12:53:57,602 - WARNING - camera_stream - Stream disconnected. Attempting to reconnect...
2025-09-27 12:54:02,648 - WARNING - camera_stream - Stream disconnected. Attempting to reconnect...
2025-09-27 12:54:05,343 - INFO - main - Shutdown signal received. Exiting gracefully...
2025-09-27 12:54:05,400 - INFO - main - Cleaning up resources...
2025-09-27 12:54:05,401 - INFO - camera_stream - Stopping camera stream.
2025-09-27 12:54:06,410 - INFO - attendance_manager - Saving attendance log to attendance.csv
2025-09-27 12:54:06,433 - INFO - main - Application shut down successfully.
2025-09-27 12:55:06,585 - INFO - main - Initializing components...
2025-09-27 12:55:06,652 - ERROR - camera_stream - Failed to open initial camera stream at "rtsp://admin:cctv@121@192.168.1.65:554/Streaming/Channels/101"
2025-09-27 12:55:06,652 - INFO - camera_stream - Starting camera stream thread.
2025-09-27 12:55:06,652 - WARNING - camera_stream - Stream disconnected. Attempting to reconnect...
2025-09-27 12:55:06,768 - INFO - attendance_manager - Loading existing attendance log from attendance.csv
2025-09-27 12:55:08,792 - INFO - main - Starting main application loop...
2025-09-27 12:55:11,703 - WARNING - camera_stream - Stream disconnected. Attempting to reconnect...
2025-09-27 12:55:16,722 - WARNING - camera_stream - Stream disconnected. Attempting to reconnect...
2025-09-27 12:55:19,222 - INFO - main - Shutdown signal received. Exiting gracefully...
2025-09-27 12:55:19,328 - INFO - main - Cleaning up resources...
2025-09-27 12:55:19,328 - INFO - camera_stream - Stopping camera stream.
2025-09-27 12:55:19,431 - INFO - main - Shutdown signal received. Exiting gracefully...
2025-09-27 12:55:19,602 - INFO - main - Shutdown signal received. Exiting gracefully...
2025-09-27 12:55:20,350 - INFO - attendance_manager - Saving attendance log to attendance.csv
2025-09-27 12:55:20,387 - INFO - main - Application shut down successfully.
2025-09-27 12:56:35,278 - INFO - main - Initializing components...
2025-09-27 12:56:35,335 - ERROR - camera_stream - Failed to open initial camera stream at "rtsp://admin:cctv@121@192.168.1.65:554/Streaming/Channels/101"
2025-09-27 12:56:35,335 - INFO - camera_stream - Starting camera stream thread.
2025-09-27 12:56:35,335 - WARNING - camera_stream - Stream disconnected. Attempting to reconnect...
2025-09-27 12:56:35,417 - INFO - attendance_manager - Loading existing attendance log from attendance.csv
2025-09-27 12:56:37,503 - INFO - main - Starting main application loop...
2025-09-27 12:56:40,378 - WARNING - camera_stream - Stream disconnected. Attempting to reconnect...
2025-09-27 12:56:45,436 - WARNING - camera_stream - Stream disconnected. Attempting to reconnect...
2025-09-27 12:56:49,189 - INFO - main - Shutdown signal received. Exiting gracefully...
2025-09-27 12:56:49,227 - INFO - main - Cleaning up resources...
2025-09-27 12:56:49,227 - INFO - camera_stream - Stopping camera stream.
2025-09-27 12:56:50,241 - INFO - attendance_manager - Saving attendance log to attendance.csv
2025-09-27 12:56:50,308 - INFO - main - Application shut down successfully.
2025-09-27 12:59:20,746 - INFO - main - Initializing components...
2025-09-27 12:59:20,816 - ERROR - camera_stream - Failed to open initial camera stream at "rtsp://admin:cctv@121@192.168.1.65:554/Streaming/Channels/101"
2025-09-27 12:59:20,817 - INFO - camera_stream - Starting camera stream thread.
2025-09-27 12:59:20,817 - WARNING - camera_stream - Stream disconnected. Attempting to reconnect...
2025-09-27 12:59:20,891 - INFO - attendance_manager - Loading existing attendance log from attendance.csv
2025-09-27 12:59:23,001 - INFO - main - Starting main application loop...
2025-09-27 12:59:25,862 - WARNING - camera_stream - Stream disconnected. Attempting to reconnect...
2025-09-27 12:59:30,911 - WARNING - camera_stream - Stream disconnected. Attempting to reconnect...
2025-09-27 12:59:35,940 - WARNING - camera_stream - Stream disconnected. Attempting to reconnect...
2025-09-27 12:59:40,989 - WARNING - camera_stream - Stream disconnected. Attempting to reconnect...
2025-09-27 12:59:44,933 - INFO - main - Shutdown signal received. Exiting gracefully...
2025-09-27 12:59:44,934 - INFO - main - Cleaning up resources...
2025-09-27 12:59:44,934 - INFO - camera_stream - Stopping camera stream.
2025-09-27 12:59:45,602 - INFO - main - Shutdown signal received. Exiting gracefully...
2025-09-27 12:59:45,950 - INFO - attendance_manager - Saving attendance log to attendance.csv
2025-09-27 12:59:45,975 - INFO - main - Application shut down successfully.
2025-09-27 13:09:55,304 - INFO - main - Initializing components...
2025-09-27 13:09:55,304 - INFO - camera_stream - Attempting to open stream with FFmpeg backend...
2025-09-27 13:09:55,304 - ERROR - camera_stream - Failed to open initial camera stream at "rtsp://admin:cctv@121@192.168.1.65:554/Streaming/Channels/101"
2025-09-27 13:09:55,304 - INFO - camera_stream - Starting camera stream thread.
2025-09-27 13:09:55,316 - WARNING - camera_stream - Stream disconnected. Attempting to reconnect...
2025-09-27 13:09:55,389 - INFO - attendance_manager - Loading existing attendance log from attendance.csv
2025-09-27 13:09:57,493 - INFO - main - Starting main application loop...
2025-09-27 13:10:00,374 - WARNING - camera_stream - Stream disconnected. Attempting to reconnect...
2025-09-27 13:10:05,415 - WARNING - camera_stream - Stream disconnected. Attempting to reconnect...
2025-09-27 13:10:09,551 - INFO - main - Shutdown signal received. Exiting gracefully...
2025-09-27 13:10:09,633 - INFO - main - Cleaning up resources...
2025-09-27 13:10:09,634 - INFO - camera_stream - Stopping camera stream.
2025-09-27 13:10:09,962 - INFO - main - Shutdown signal received. Exiting gracefully...
2025-09-27 13:10:10,162 - INFO - main - Shutdown signal received. Exiting gracefully...
2025-09-27 13:10:10,348 - INFO - main - Shutdown signal received. Exiting gracefully...
2025-09-27 13:10:10,503 - INFO - main - Shutdown signal received. Exiting gracefully...
2025-09-27 13:10:10,632 - INFO - attendance_manager - Saving attendance log to attendance.csv
2025-09-27 13:10:10,673 - INFO - main - Shutdown signal received. Exiting gracefully...
2025-09-27 13:10:10,673 - INFO - main - Application shut down successfully.
2025-09-27 13:11:42,016 - INFO - main - Initializing components...
2025-09-27 13:11:42,032 - INFO - camera_stream - Attempting to open stream with FFmpeg backend...
2025-09-27 13:11:42,032 - ERROR - camera_stream - Failed to open initial camera stream at "rtsp://admin:cctv@121@192.168.1.65:554/Streaming/Channels/101"
2025-09-27 13:11:42,032 - INFO - camera_stream - Starting camera stream thread.
2025-09-27 13:11:42,032 - WARNING - camera_stream - Stream disconnected. Attempting to reconnect...
2025-09-27 13:11:42,114 - INFO - attendance_manager - Loading existing attendance log from attendance.csv
2025-09-27 13:11:44,215 - INFO - main - Starting main application loop...
2025-09-27 13:11:47,070 - WARNING - camera_stream - Stream disconnected. Attempting to reconnect...
2025-09-27 13:11:52,128 - WARNING - camera_stream - Stream disconnected. Attempting to reconnect...
2025-09-27 13:11:57,164 - WARNING - camera_stream - Stream disconnected. Attempting to reconnect...
2025-09-27 13:11:59,127 - INFO - main - Shutdown signal received. Exiting gracefully...
2025-09-27 13:11:59,212 - INFO - main - Cleaning up resources...
2025-09-27 13:11:59,213 - INFO - camera_stream - Stopping camera stream.
2025-09-27 13:11:59,318 - INFO - main - Shutdown signal received. Exiting gracefully...
2025-09-27 13:11:59,494 - INFO - main - Shutdown signal received. Exiting gracefully...
2025-09-27 13:11:59,661 - INFO - main - Shutdown signal received. Exiting gracefully...
2025-09-27 13:12:00,237 - INFO - attendance_manager - Saving attendance log to attendance.csv
2025-09-27 13:12:00,262 - INFO - main - Application shut down successfully.
2025-09-27 13:12:57,042 - INFO - main - Initializing components...
2025-09-27 13:16:52,831 - INFO - main - Initializing components...
2025-09-27 13:16:52,847 - INFO - camera_stream - Attempting to open stream with FFmpeg backend...
2025-09-27 13:16:52,848 - ERROR - camera_stream - Failed to open initial camera stream at "rtsp://admin:cctv@121@192.168.1.65:554/Streaming/Channels/101"
2025-09-27 13:16:52,848 - INFO - camera_stream - Starting camera stream thread.
2025-09-27 13:16:52,848 - WARNING - camera_stream - Stream disconnected. Attempting to reconnect...
2025-09-27 13:16:52,927 - INFO - attendance_manager - Loading existing attendance log from attendance.csv
2025-09-27 13:16:55,010 - INFO - main - Starting main application loop...
2025-09-27 13:16:57,900 - WARNING - camera_stream - Stream disconnected. Attempting to reconnect...
2025-09-27 13:17:02,941 - WARNING - camera_stream - Stream disconnected. Attempting to reconnect...
2025-09-27 13:17:07,987 - WARNING - camera_stream - Stream disconnected. Attempting to reconnect...
2025-09-27 13:17:13,033 - WARNING - camera_stream - Stream disconnected. Attempting to reconnect...
2025-09-27 13:17:18,061 - WARNING - camera_stream - Stream disconnected. Attempting to reconnect...
2025-09-27 13:17:23,097 - WARNING - camera_stream - Stream disconnected. Attempting to reconnect...
2025-09-27 13:17:28,151 - WARNING - camera_stream - Stream disconnected. Attempting to reconnect...
2025-09-27 13:17:31,965 - INFO - main - Shutdown signal received. Exiting gracefully...
2025-09-27 13:17:31,981 - INFO - main - Cleaning up resources...
2025-09-27 13:17:31,982 - INFO - camera_stream - Stopping camera stream.
2025-09-27 13:17:32,990 - INFO - attendance_manager - Saving attendance log to attendance.csv
2025-09-27 13:17:33,017 - INFO - main - Application shut down successfully.
2025-09-27 13:20:22,688 - INFO - main - Initializing components...
2025-09-27 13:20:22,688 - INFO - camera_stream - Attempting to open stream with FFmpeg backend...
2025-09-27 13:20:22,688 - ERROR - camera_stream - Failed to open initial camera stream at "rtsp://admin:cctv@121@192.168.1.65:554/Streaming/Channels/101"
2025-09-27 13:20:22,688 - INFO - camera_stream - Starting camera stream thread.
2025-09-27 13:20:22,704 - WARNING - camera_stream - Stream disconnected. Attempting to reconnect...
2025-09-27 13:20:22,778 - INFO - attendance_manager - Loading existing attendance log from attendance.csv
2025-09-27 13:20:27,753 - WARNING - camera_stream - Stream disconnected. Attempting to reconnect...
2025-09-27 13:20:30,874 - INFO - main - Starting main application loop...
2025-09-27 13:20:32,793 - WARNING - camera_stream - Stream disconnected. Attempting to reconnect...
2025-09-27 13:20:37,840 - WARNING - camera_stream - Stream disconnected. Attempting to reconnect...
2025-09-27 13:20:42,873 - WARNING - camera_stream - Stream disconnected. Attempting to reconnect...
2025-09-27 13:20:47,761 - INFO - main - Shutdown signal received. Exiting gracefully...
2025-09-27 13:20:47,761 - INFO - main - Cleaning up resources...
2025-09-27 13:20:47,761 - INFO - camera_stream - Stopping camera stream.
2025-09-27 13:20:47,915 - INFO - main - Shutdown signal received. Exiting gracefully...
2025-09-27 13:20:48,788 - INFO - attendance_manager - Saving attendance log to attendance.csv
2025-09-27 13:20:48,807 - INFO - main - Application shut down successfully.
2025-09-27 13:21:06,657 - INFO - main - Initializing components...
2025-09-27 13:21:06,657 - INFO - camera_stream - Attempting to open stream with FFmpeg backend...
2025-09-27 13:21:06,657 - ERROR - camera_stream - Failed to open initial camera stream at "rtsp://admin:cctv@121@192.168.1.65:554/Streaming/Channels/101"
2025-09-27 13:21:06,657 - INFO - camera_stream - Starting camera stream thread.
2025-09-27 13:21:06,662 - WARNING - camera_stream - Stream disconnected. Attempting to reconnect...
2025-09-27 13:21:06,735 - INFO - attendance_manager - Loading existing attendance log from attendance.csv
2025-09-27 13:21:11,715 - WARNING - camera_stream - Stream disconnected. Attempting to reconnect...
2025-09-27 13:21:16,743 - WARNING - camera_stream - Stream disconnected. Attempting to reconnect...
2025-09-27 13:21:21,780 - WARNING - camera_stream - Stream disconnected. Attempting to reconnect...
2025-09-27 13:21:26,774 - INFO - main - Starting main application loop...
2025-09-27 13:21:26,852 - WARNING - camera_stream - Stream disconnected. Attempting to reconnect...
2025-09-27 13:21:31,893 - WARNING - camera_stream - Stream disconnected. Attempting to reconnect...
2025-09-27 13:21:36,926 - WARNING - camera_stream - Stream disconnected. Attempting to reconnect...
2025-09-27 13:21:41,960 - WARNING - camera_stream - Stream disconnected. Attempting to reconnect...
2025-09-27 13:21:46,990 - WARNING - camera_stream - Stream disconnected. Attempting to reconnect...
2025-09-27 13:21:52,028 - WARNING - camera_stream - Stream disconnected. Attempting to reconnect...
2025-09-27 13:21:57,070 - WARNING - camera_stream - Stream disconnected. Attempting to reconnect...
2025-09-27 13:22:02,125 - WARNING - camera_stream - Stream disconnected. Attempting to reconnect...
2025-09-27 13:22:07,196 - WARNING - camera_stream - Stream disconnected. Attempting to reconnect...
2025-09-27 13:22:12,272 - WARNING - camera_stream - Stream disconnected. Attempting to reconnect...
2025-09-27 13:22:16,719 - INFO - main - Shutdown signal received. Exiting gracefully...
2025-09-27 13:22:16,780 - INFO - main - Cleaning up resources...
2025-09-27 13:22:16,780 - INFO - camera_stream - Stopping camera stream.
2025-09-27 13:22:16,948 - INFO - main - Shutdown signal received. Exiting gracefully...
2025-09-27 13:22:17,147 - INFO - main - Shutdown signal received. Exiting gracefully...
2025-09-27 13:22:17,312 - INFO - main - Shutdown signal received. Exiting gracefully...
2025-09-27 13:22:17,494 - INFO - main - Shutdown signal received. Exiting gracefully...
2025-09-27 13:22:17,667 - INFO - main - Shutdown signal received. Exiting gracefully...
2025-09-27 13:22:17,782 - INFO - attendance_manager - Saving attendance log to attendance.csv
2025-09-27 13:22:17,785 - INFO - main - Application shut down successfully.
2025-09-27 13:22:40,106 - INFO - main - Initializing components...
2025-09-27 13:22:40,106 - INFO - camera_stream - Attempting to open stream with FFmpeg backend...
2025-09-27 13:22:40,106 - ERROR - camera_stream - Failed to open initial camera stream at "rtsp://admin:cctv@121@192.168.1.65:554/Streaming/Channels/101"
2025-09-27 13:22:40,106 - INFO - camera_stream - Starting camera stream thread.
2025-09-27 13:22:40,119 - WARNING - camera_stream - Stream disconnected. Attempting to reconnect...
2025-09-27 13:22:40,211 - INFO - attendance_manager - Loading existing attendance log from attendance.csv
2025-09-27 13:22:40,211 - INFO - main - Waiting for camera stream to deliver the first frame...
2025-09-27 13:22:45,181 - WARNING - camera_stream - Stream disconnected. Attempting to reconnect...
2025-09-27 13:22:50,215 - WARNING - camera_stream - Stream disconnected. Attempting to reconnect...
2025-09-27 13:22:55,255 - WARNING - camera_stream - Stream disconnected. Attempting to reconnect...
2025-09-27 13:23:00,296 - WARNING - camera_stream - Stream disconnected. Attempting to reconnect...
2025-09-27 13:23:05,343 - WARNING - camera_stream - Stream disconnected. Attempting to reconnect...
2025-09-27 13:23:10,382 - WARNING - camera_stream - Stream disconnected. Attempting to reconnect...
2025-09-27 13:23:15,426 - WARNING - camera_stream - Stream disconnected. Attempting to reconnect...
2025-09-27 13:23:18,303 - INFO - main - Shutdown signal received. Exiting gracefully...
2025-09-27 13:23:18,506 - INFO - main - Shutdown signal received. Exiting gracefully...
2025-09-27 13:23:18,661 - INFO - main - Shutdown signal received. Exiting gracefully...
2025-09-27 13:23:18,818 - INFO - main - Shutdown signal received. Exiting gracefully...
2025-09-27 13:23:18,994 - INFO - main - Shutdown signal received. Exiting gracefully...
2025-09-27 13:23:19,145 - INFO - main - Shutdown signal received. Exiting gracefully...
2025-09-27 13:23:19,317 - INFO - main - Shutdown signal received. Exiting gracefully...
2025-09-27 13:23:20,469 - WARNING - camera_stream - Stream disconnected. Attempting to reconnect...
2025-09-27 13:23:22,788 - INFO - main - Shutdown signal received. Exiting gracefully...
2025-09-27 13:23:22,992 - INFO - main - Shutdown signal received. Exiting gracefully...
2025-09-27 13:23:23,179 - INFO - main - Shutdown signal received. Exiting gracefully...
2025-09-27 13:23:23,347 - INFO - main - Shutdown signal received. Exiting gracefully...
2025-09-27 13:23:23,520 - INFO - main - Shutdown signal received. Exiting gracefully...
2025-09-27 13:23:23,685 - INFO - main - Shutdown signal received. Exiting gracefully...
2025-09-27 13:23:25,511 - WARNING - camera_stream - Stream disconnected. Attempting to reconnect...
2025-09-27 13:23:30,539 - WARNING - camera_stream - Stream disconnected. Attempting to reconnect...
2025-09-27 13:23:32,777 - INFO - main - Shutdown signal received. Exiting gracefully...
2025-09-27 13:23:32,995 - INFO - main - Shutdown signal received. Exiting gracefully...
2025-09-27 13:23:33,186 - INFO - main - Shutdown signal received. Exiting gracefully...
2025-09-27 13:23:33,368 - INFO - main - Shutdown signal received. Exiting gracefully...
2025-09-27 13:23:33,556 - INFO - main - Shutdown signal received. Exiting gracefully...
2025-09-27 13:23:33,743 - INFO - main - Shutdown signal received. Exiting gracefully...
2025-09-27 13:23:33,908 - INFO - main - Shutdown signal received. Exiting gracefully...
2025-09-27 13:23:34,096 - INFO - main - Shutdown signal received. Exiting gracefully...
2025-09-27 13:23:34,264 - INFO - main - Shutdown signal received. Exiting gracefully...
2025-09-27 13:23:34,429 - INFO - main - Shutdown signal received. Exiting gracefully...
2025-09-27 13:23:35,589 - WARNING - camera_stream - Stream disconnected. Attempting to reconnect...
2025-09-27 13:26:26,742 - INFO - main - Initializing components...
2025-09-27 13:26:26,756 - INFO - main - Loading AI models (FaceProcessor)...
2025-09-27 13:26:26,814 - INFO - attendance_manager - Loading existing attendance log from attendance.csv
2025-09-27 13:26:26,831 - INFO - main - Starting camera stream...
2025-09-27 13:26:26,831 - INFO - camera_stream - Attempting to open stream with FFmpeg backend...
2025-09-27 13:26:26,834 - ERROR - camera_stream - Failed to open initial camera stream at "rtsp://admin:cctv@121@192.168.1.65:554/Streaming/Channels/101"
2025-09-27 13:26:26,834 - INFO - camera_stream - Starting camera stream thread.
2025-09-27 13:26:26,836 - WARNING - camera_stream - Stream disconnected. Attempting to reconnect...
2025-09-27 13:26:31,891 - WARNING - camera_stream - Stream disconnected. Attempting to reconnect...
2025-09-27 13:26:36,934 - WARNING - camera_stream - Stream disconnected. Attempting to reconnect...
2025-09-27 13:26:41,978 - WARNING - camera_stream - Stream disconnected. Attempting to reconnect...
2025-09-27 13:26:43,217 - INFO - main - Shutdown signal received. Exiting gracefully...
2025-09-27 13:26:44,622 - INFO - main - Shutdown signal received. Exiting gracefully...
2025-09-27 13:26:45,820 - INFO - main - Shutdown signal received. Exiting gracefully...
2025-09-27 13:26:46,020 - INFO - main - Shutdown signal received. Exiting gracefully...
2025-09-27 13:26:46,190 - INFO - main - Shutdown signal received. Exiting gracefully...
2025-09-27 13:26:46,389 - INFO - main - Shutdown signal received. Exiting gracefully...
2025-09-27 13:26:46,581 - INFO - main - Shutdown signal received. Exiting gracefully...
2025-09-27 13:26:46,778 - INFO - main - Shutdown signal received. Exiting gracefully...
2025-09-27 13:26:46,856 - INFO - main - Starting main application loop...
2025-09-27 13:26:46,857 - INFO - main - Cleaning up resources...
2025-09-27 13:26:46,857 - INFO - camera_stream - Stopping camera stream.
2025-09-27 13:26:46,983 - INFO - main - Shutdown signal received. Exiting gracefully...
2025-09-27 13:26:47,869 - INFO - attendance_manager - Saving attendance log to attendance.csv
2025-09-27 13:26:47,891 - INFO - main - Application shut down successfully.
2025-09-27 13:30:29,947 - INFO - main - Initializing components...
2025-09-27 13:30:29,947 - INFO - main - Loading AI models (FaceProcessor)...
2025-09-27 13:30:30,032 - INFO - attendance_manager - Loading existing attendance log from attendance.csv
2025-09-27 13:30:30,037 - INFO - main - Starting camera process...
2025-09-27 13:30:30,049 - INFO - main - Waiting for camera process to deliver the first frame...
2025-09-27 13:30:50,058 - ERROR - main - Camera process failed to deliver a frame within the timeout.
2025-09-27 13:30:50,058 - ERROR - main - Check the camera URL and network connection.
2025-09-27 13:36:25,121 - INFO - final_test - Loading AI models (FaceProcessor)...
2025-09-27 13:36:25,189 - INFO - attendance_manager - Loading existing attendance log from attendance.csv
2025-09-27 13:36:25,199 - INFO - final_test - Attempting to connect to camera at "rtsp://admin:cctv@121@192.168.1.65:554/Streaming/Channels/101"...
2025-09-27 13:36:25,204 - ERROR - final_test - This points to a deep conflict or a security block. Check your antivirus/firewall.
2025-09-27 13:42:54,327 - INFO - main_app - Loading AI models...
2025-09-27 13:42:54,408 - INFO - attendance_manager - Loading existing attendance log from attendance.csv
2025-09-27 13:42:54,412 - INFO - main_app - AI models loaded.
2025-09-27 13:46:12,618 - INFO - main_app - Loading AI models...
2025-09-27 13:46:12,692 - INFO - attendance_manager - Loading existing attendance log from attendance.csv
2025-09-27 13:46:12,695 - INFO - main_app - AI models loaded.
2025-09-27 13:48:20,763 - INFO - main_app - Loading AI models...
2025-09-27 13:48:20,841 - INFO - attendance_manager - Loading existing attendance log from attendance.csv
2025-09-27 13:48:20,845 - INFO - main_app - AI models loaded.
2025-09-27 13:49:51,260 - INFO - main_app - Loading AI models...
2025-09-27 13:49:51,356 - INFO - attendance_manager - Loading existing attendance log from attendance.csv
2025-09-27 13:49:51,377 - INFO - main_app - AI models loaded.
2025-09-27 13:56:21,167 - INFO - main_app - Loading AI models...
2025-09-27 13:56:21,245 - INFO - attendance_manager - Loading existing attendance log from attendance.csv
2025-09-27 13:56:21,250 - INFO - main_app - AI models loaded.
2025-09-27 13:57:27,499 - INFO - main_app - Loading AI models...
2025-09-27 13:57:27,579 - INFO - attendance_manager - Loading existing attendance log from attendance.csv
2025-09-27 13:57:27,582 - INFO - main_app - AI models loaded.
2025-09-27 14:05:19,699 - INFO - main_app - Loading AI models...
2025-09-27 14:05:19,774 - INFO - attendance_manager - Loading existing attendance log from attendance.csv
2025-09-27 14:05:19,777 - INFO - main_app - AI models loaded.
2025-10-02 19:08:07,414 - INFO - main_app - Loading AI models...
2025-10-02 19:08:07,508 - INFO - attendance_manager - Loading existing attendance log from attendance.csv
2025-10-02 19:08:07,508 - INFO - main_app - AI models loaded.
2025-10-02 19:09:44,881 - INFO - main - Initializing components...
2025-10-02 19:09:44,881 - INFO - main - Loading AI models (FaceProcessor)...
2025-10-02 19:09:44,958 - INFO - attendance_manager - Loading existing attendance log from attendance.csv
2025-10-02 19:09:44,960 - INFO - main - Starting camera process...
2025-10-02 19:09:44,978 - INFO - main - Waiting for camera process to deliver the first frame...
2025-10-02 19:10:02,259 - INFO - main - Shutdown signal received. Exiting gracefully...
2025-10-02 19:10:02,259 - ERROR - main - Camera process failed to deliver a frame within the timeout.
2025-10-02 19:10:02,260 - ERROR - main - Check the camera URL and network connection.
